[sms.zut.ac.zm/login.html]
[backblue.gif]
[fade.gif]
[index.html]
[sms.zut.ac.zm/login.html]
[sms.zut.ac.zm/global_assets/css/icons/icomoon/styles.css]
[sms.zut.ac.zm/assets/css/bootstrap.min.css]
[sms.zut.ac.zm/assets/css/bootstrap_limitless.min.css]
[sms.zut.ac.zm/assets/css/layout.min.css]
[sms.zut.ac.zm/assets/css/components.min.css]
[sms.zut.ac.zm/global_assets/js/main/jquery.min.js]
[sms.zut.ac.zm/global_assets/js/main/bootstrap.bundle.min.js]
[sms.zut.ac.zm/assets/css/colors.min.css]
[sms.zut.ac.zm/global_assets/js/plugins/loaders/blockui.min.js]
[sms.zut.ac.zm/global_assets/js/plugins/forms/styling/uniform.min.js]
[sms.zut.ac.zm/global_assets/js/demo_pages/login.js]
[sms.zut.ac.zm/assets/js/app.js]
[sms.zut.ac.zm/start-application.html]
[sms.zut.ac.zm/images/logo-v2.png]
[sms.zut.ac.zm/password/reset.html]
[sms.zut.ac.zm/staff-login.html]
[sms.zut.ac.zm/global_assets/css/icons/icomoon/fonts/icomoone627.woff]
[sms.zut.ac.zm/global_assets/css/icons/icomoon/fonts/icomoone627.eot]
[sms.zut.ac.zm/global_assets/css/icons/icomoon/fonts/icomoond41d.eot]
[sms.zut.ac.zm/global_assets/css/icons/icomoon/fonts/icomoone627.ttf]
[sms.zut.ac.zm/global_assets/images/backgrounds/seamless.png]
[sms.zut.ac.zm/global_assets/images/login_cover.jpg]
[sms.zut.ac.zm/global_assets/images/backgrounds/boxed_bg.png]
[sms.zut.ac.zm/global_assets/css/icons/summernote/summernote291f.eot]
[sms.zut.ac.zm/global_assets/css/icons/summernote/summernoted41d.eot]
[sms.zut.ac.zm/global_assets/css/icons/summernote/summernote291f.woff]
[sms.zut.ac.zm/global_assets/css/icons/summernote/summernote291f.ttf]
[sms.zut.ac.zm/global_assets/images/brands/twitter.png]
[sms.zut.ac.zm/global_assets/images/brands/amazon.png]
[sms.zut.ac.zm/global_assets/images/brands/youtube.png]
[sms.zut.ac.zm/global_assets/images/brands/bing.png]
[sms.zut.ac.zm/global_assets/images/brands/spotify.png]
[sms.zut.ac.zm/global_assets/js/plugins/extensions/jquery_ui/interactions.min.js]
[sms.zut.ac.zm/global_assets/js/plugins/forms/validation/validate.min.js]
[sms.zut.ac.zm/global_assets/js/plugins/forms/selects/select2.min.js]
[sms.zut.ac.zm/global_assets/js/plugins/forms/wizards/steps.min.js]
[sms.zut.ac.zm/global_assets/js/plugins/forms/inputs/inputmask.js]
[sms.zut.ac.zm/global_assets/js/plugins/extensions/cookie.js]
[sms.zut.ac.zm/global_assets/js/plugins/notifications/sweet_alert2.min.js]
[sms.zut.ac.zm/global_assets/js/plugins/notifications/pnotify.min.js]
[sms.zut.ac.zm/global_assets/js/plugins/tables/datatables/datatables.min.js]
[sms.zut.ac.zm/global_assets/js/plugins/tables/datatables/extensions/pdfmake/pdfmake.min.js]
[sms.zut.ac.zm/global_assets/js/plugins/tables/datatables/extensions/jszip/jszip.min.js]
[sms.zut.ac.zm/global_assets/js/plugins/tables/datatables/extensions/pdfmake/vfs_fonts.min.js]
[sms.zut.ac.zm/global_assets/js/plugins/tables/datatables/extensions/buttons.min.js]
[sms.zut.ac.zm/global_assets/js/plugins/ui/moment/moment.min.js]
[sms.zut.ac.zm/global_assets/js/plugins/pickers/pickadate/legacy.js]
[sms.zut.ac.zm/global_assets/js/plugins/pickers/bootstrap-datepicker.min.js]
[sms.zut.ac.zm/global_assets/js/plugins/uploaders/fileinput/fileinput.min.js]
[sms.zut.ac.zm/global_assets/js/demo_pages/form_wizard.js]
[sms.zut.ac.zm/global_assets/js/demo_pages/form_select2.js]
[sms.zut.ac.zm/global_assets/js/demo_pages/datatables_extension_buttons_html5.js]
[sms.zut.ac.zm/global_assets/js/plugins/ui/fullcalendar/fullcalendar.min.js]
[sms.zut.ac.zm/global_assets/js/demo_pages/fullcalendar_basic.js]
[sms.zut.ac.zm/assets/js/custom.js]
[sms.zut.ac.zm/global_assets/js/demo_pages/uploader_bootstrap.js]
[sms.zut.ac.zm/livewire/livewire.mind557.js]
[sms.zut.ac.zm/vendor/livewire-charts/app.js]
[sms.zut.ac.zm/start-application.html]
[sms.zut.ac.zm/password/reset.html]
[sms.zut.ac.zm/staff-login.html]
[sms.zut.ac.zm/global_assets/css/icons/icomoon/fonts/icomoone627.svg]
[sms.zut.ac.zm/assets/css/bootstrap-datepicker.min.css]
[sms.zut.ac.zm/assets/css/qs.css]
[sms.zut.ac.zm/assessments/updateExams/_id.html]
